<?xml version="1.0" encoding="UTF-8"?>
<!-- Generated by org.testng.reporters.JUnitXMLReporter -->
<testsuite ignored="24" hostname="INHYD-GF401B3" failures="1" tests="1" name="Diamond" time="47.236" errors="0" timestamp="2022-07-11T14:16:45 IST">
  <testcase classname="PLLottery.DemoGames" name="Diamond" time="10.277">
    <failure type="org.openqa.selenium.NoSuchElementException" message="no such element: Unable to locate element: {&amp;quot;method&amp;quot;:&amp;quot;xpath&amp;quot;,&amp;quot;selector&amp;quot;:&amp;quot;//*[@id=&amp;quot;__layout&amp;quot;]/div/div[1]/header/div[2]/div/div[2]/div[2]/div/div[2]/div/div/div[1]/a[7]/img&amp;quot;}
  (Session info: chrome=103.0.5060.114)
For documentation on this error, please visit: https://www.seleniumhq.org/exceptions/no_such_element.html
Build info: version: &amp;apos;3.141.59&amp;apos;, revision: &amp;apos;e82be7d358&amp;apos;, time: &amp;apos;2018-11-14T08:17:03&amp;apos;
System info: host: &amp;apos;INHYD-GF401B3&amp;apos;, ip: &amp;apos;192.168.0.113&amp;apos;, os.name: &amp;apos;Windows 10&amp;apos;, os.arch: &amp;apos;amd64&amp;apos;, os.version: &amp;apos;10.0&amp;apos;, java.version: &amp;apos;18.0.1&amp;apos;
Driver info: org.openqa.selenium.chrome.ChromeDriver
Capabilities {acceptInsecureCerts: false, browserName: chrome, browserVersion: 103.0.5060.114, chrome: {chromedriverVersion: 103.0.5060.53 (a1711811edd7..., userDataDir: C:\Users\pdf57170\AppData\L...}, goog:chromeOptions: {debuggerAddress: localhost:52223}, javascriptEnabled: true, networkConnectionEnabled: false, pageLoadStrategy: normal, platform: WINDOWS, platformName: WINDOWS, proxy: Proxy(manual, http=http://h..., setWindowRect: true, strictFileInteractability: false, timeouts: {implicit: 0, pageLoad: 300000, script: 30000}, unhandledPromptBehavior: dismiss and notify, webauthn:extension:credBlob: true, webauthn:extension:largeBlob: true, webauthn:virtualAuthenticators: true}
Session ID: 0618d1c3b7d75be1a79247d99d1ce279
*** Element info: {Using=xpath, value=//*[@id=&amp;quot;__layout&amp;quot;]/div/div[1]/header/div[2]/div/div[2]/div[2]/div/div[2]/div/div/div[1]/a[7]/img}">
      <![CDATA[org.openqa.selenium.NoSuchElementException: no such element: Unable to locate element: {"method":"xpath","selector":"//*[@id="__layout"]/div/div[1]/header/div[2]/div/div[2]/div[2]/div/div[2]/div/div/div[1]/a[7]/img"}
  (Session info: chrome=103.0.5060.114)
For documentation on this error, please visit: https://www.seleniumhq.org/exceptions/no_such_element.html
Build info: version: '3.141.59', revision: 'e82be7d358', time: '2018-11-14T08:17:03'
System info: host: 'INHYD-GF401B3', ip: '192.168.0.113', os.name: 'Windows 10', os.arch: 'amd64', os.version: '10.0', java.version: '18.0.1'
Driver info: org.openqa.selenium.chrome.ChromeDriver
Capabilities {acceptInsecureCerts: false, browserName: chrome, browserVersion: 103.0.5060.114, chrome: {chromedriverVersion: 103.0.5060.53 (a1711811edd7..., userDataDir: C:\Users\pdf57170\AppData\L...}, goog:chromeOptions: {debuggerAddress: localhost:52223}, javascriptEnabled: true, networkConnectionEnabled: false, pageLoadStrategy: normal, platform: WINDOWS, platformName: WINDOWS, proxy: Proxy(manual, http=http://h..., setWindowRect: true, strictFileInteractability: false, timeouts: {implicit: 0, pageLoad: 300000, script: 30000}, unhandledPromptBehavior: dismiss and notify, webauthn:extension:credBlob: true, webauthn:extension:largeBlob: true, webauthn:virtualAuthenticators: true}
Session ID: 0618d1c3b7d75be1a79247d99d1ce279
*** Element info: {Using=xpath, value=//*[@id="__layout"]/div/div[1]/header/div[2]/div/div[2]/div[2]/div/div[2]/div/div/div[1]/a[7]/img}
at org.openqa.selenium.remote.http.W3CHttpResponseCodec.createException(W3CHttpResponseCodec.java:187)
at org.openqa.selenium.remote.http.W3CHttpResponseCodec.decode(W3CHttpResponseCodec.java:122)
at org.openqa.selenium.remote.http.W3CHttpResponseCodec.decode(W3CHttpResponseCodec.java:49)
at org.openqa.selenium.remote.HttpCommandExecutor.execute(HttpCommandExecutor.java:158)
at org.openqa.selenium.remote.service.DriverCommandExecutor.execute(DriverCommandExecutor.java:83)
at org.openqa.selenium.remote.RemoteWebDriver.execute(RemoteWebDriver.java:552)
at org.openqa.selenium.remote.RemoteWebDriver.findElement(RemoteWebDriver.java:323)
at org.openqa.selenium.remote.RemoteWebDriver.findElementByXPath(RemoteWebDriver.java:428)
at org.openqa.selenium.By$ByXPath.findElement(By.java:353)
at org.openqa.selenium.remote.RemoteWebDriver.findElement(RemoteWebDriver.java:315)
at PLLottery.DemoGames.Diamond(DemoGames.java:87)
at java.base/java.util.ArrayList.forEach(ArrayList.java:1511)
... Removed 28 stack frames]]>
    </failure>
  </testcase> <!-- Diamond -->
  <testcase classname="PLLottery.DemoGames" name="Owocki" time="0.0">
    <ignored/>
  </testcase> <!-- Owocki -->
  <testcase classname="PLLottery.DemoGames" name="gorki" time="0.0">
    <ignored/>
  </testcase> <!-- gorki -->
  <testcase classname="PLLottery.DemoGames" name="Card5" time="0.0">
    <ignored/>
  </testcase> <!-- Card5 -->
  <testcase classname="PLLottery.DemoGames" name="Kurki" time="0.0">
    <ignored/>
  </testcase> <!-- Kurki -->
  <testcase classname="PLLottery.DemoGames" name="Cyferki" time="0.0">
    <ignored/>
  </testcase> <!-- Cyferki -->
  <testcase classname="PLLottery.DemoGames" name="znaczki" time="0.0">
    <ignored/>
  </testcase> <!-- znaczki -->
  <testcase classname="PLLottery.DemoGames" name="monetki" time="0.0">
    <ignored/>
  </testcase> <!-- monetki -->
  <testcase classname="PLLottery.DemoGames" name="triplePlatinum" time="0.0">
    <ignored/>
  </testcase> <!-- triplePlatinum -->
  <testcase classname="PLLottery.DemoGames" name="krzyowki" time="0.0">
    <ignored/>
  </testcase> <!-- krzyowki -->
  <testcase classname="PLLottery.DemoGames" name="Antyki" time="0.0">
    <ignored/>
  </testcase> <!-- Antyki -->
  <testcase classname="PLLottery.DemoGames" name="Siódemki" time="0.0">
    <ignored/>
  </testcase> <!-- Siódemki -->
  <testcase classname="PLLottery.DemoGames" name="goldRush" time="0.0">
    <ignored/>
  </testcase> <!-- goldRush -->
  <testcase classname="PLLottery.DemoGames" name="Totemki" time="0.0">
    <ignored/>
  </testcase> <!-- Totemki -->
  <testcase classname="PLLottery.DemoGames" name="Kamyki" time="0.0">
    <ignored/>
  </testcase> <!-- Kamyki -->
  <testcase classname="PLLottery.DemoGames" name="Gwiazdki" time="0.0">
    <ignored/>
  </testcase> <!-- Gwiazdki -->
  <testcase classname="PLLottery.DemoGames" name="Egypt" time="0.0">
    <ignored/>
  </testcase> <!-- Egypt -->
  <testcase classname="PLLottery.DemoGames" name="Skrzynki" time="0.0">
    <ignored/>
  </testcase> <!-- Skrzynki -->
  <testcase classname="PLLottery.DemoGames" name="emotki" time="0.0">
    <ignored/>
  </testcase> <!-- emotki -->
  <testcase classname="PLLottery.DemoGames" name="Duszki" time="0.0">
    <ignored/>
  </testcase> <!-- Duszki -->
  <testcase classname="PLLottery.DemoGames" name="redPepperHot" time="0.0">
    <ignored/>
  </testcase> <!-- redPepperHot -->
  <testcase classname="PLLottery.DemoGames" name="Garniec" time="0.0">
    <ignored/>
  </testcase> <!-- Garniec -->
  <testcase classname="PLLottery.DemoGames" name="gp" time="0.0">
    <ignored/>
  </testcase> <!-- gp -->
  <testcase classname="PLLottery.DemoGames" name="btyskothi" time="0.0">
    <ignored/>
  </testcase> <!-- btyskothi -->
  <testcase classname="PLLottery.DemoGames" name="ChristmasBalls" time="0.0">
    <ignored/>
  </testcase> <!-- ChristmasBalls -->
</testsuite> <!-- Diamond -->
