<?xml version="1.0" encoding="UTF-8"?>
<!-- Generated by org.testng.reporters.JUnitReportReporter -->
<testsuite hostname="INHYD-GF401B3" failures="0" tests="26" name="PLLottery.BuyGames" time="-1656496384.000" errors="1" timestamp="2022-06-29T15:22:17 IST" skipped="25">
  <testcase classname="PLLottery.BuyGames" name="triplePlatinum" time="0.000">
    <skipped/>
  </testcase> <!-- triplePlatinum -->
  <system-out/>
  <testcase classname="PLLottery.BuyGames" name="ChristmasBalls" time="0.000">
    <skipped/>
  </testcase> <!-- ChristmasBalls -->
  <system-out/>
  <testcase classname="PLLottery.BuyGames" name="btyskothi" time="0.000">
    <skipped/>
  </testcase> <!-- btyskothi -->
  <system-out/>
  <testcase classname="PLLottery.BuyGames" name="Kamyki" time="0.000">
    <skipped/>
  </testcase> <!-- Kamyki -->
  <system-out/>
  <testcase classname="PLLottery.BuyGames" name="beforeMethod" time="-1656496384.000">
    <error message="
Parameter &#039;browser&#039; is required by BeforeMethod on method beforeMethod but has not been marked @Optional or defined
in C:\Users\pdf57170\AppData\Local\Temp\testng-eclipse--34445723\testng-customsuite.xml" type="org.testng.TestNGException">
      <![CDATA[org.testng.TestNGException: 
Parameter 'browser' is required by BeforeMethod on method beforeMethod but has not been marked @Optional or defined
in C:\Users\pdf57170\AppData\Local\Temp\testng-eclipse--34445723\testng-customsuite.xml
at org.testng.internal.Parameters.createParams(Parameters.java:270)
at org.testng.internal.Parameters.createParametersForMethod(Parameters.java:358)
at org.testng.internal.Parameters.createParameters(Parameters.java:700)
at org.testng.internal.Parameters.createConfigurationParameters(Parameters.java:168)
at org.testng.internal.ConfigInvoker.invokeConfigurations(ConfigInvoker.java:302)
at org.testng.internal.TestInvoker.runConfigMethods(TestInvoker.java:700)
at org.testng.internal.TestInvoker.invokeMethod(TestInvoker.java:527)
at org.testng.internal.TestInvoker.invokeTestMethod(TestInvoker.java:173)
at org.testng.internal.MethodRunner.runInSequence(MethodRunner.java:46)
at org.testng.internal.TestInvoker$MethodInvocationAgent.invoke(TestInvoker.java:824)
at org.testng.internal.TestInvoker.invokeTestMethods(TestInvoker.java:146)
at org.testng.internal.TestMethodWorker.invokeTestMethods(TestMethodWorker.java:146)
at org.testng.internal.TestMethodWorker.run(TestMethodWorker.java:128)
at java.base/java.util.ArrayList.forEach(ArrayList.java:1511)
at org.testng.TestRunner.privateRun(TestRunner.java:794)
at org.testng.TestRunner.run(TestRunner.java:596)
at org.testng.SuiteRunner.runTest(SuiteRunner.java:377)
at org.testng.SuiteRunner.runSequentially(SuiteRunner.java:371)
at org.testng.SuiteRunner.privateRun(SuiteRunner.java:332)
at org.testng.SuiteRunner.run(SuiteRunner.java:276)
at org.testng.SuiteRunnerWorker.runSuite(SuiteRunnerWorker.java:53)
at org.testng.SuiteRunnerWorker.run(SuiteRunnerWorker.java:96)
at org.testng.TestNG.runSuitesSequentially(TestNG.java:1212)
at org.testng.TestNG.runSuitesLocally(TestNG.java:1134)
at org.testng.TestNG.runSuites(TestNG.java:1063)
at org.testng.TestNG.run(TestNG.java:1031)
at org.testng.remote.AbstractRemoteTestNG.run(AbstractRemoteTestNG.java:115)
at org.testng.remote.RemoteTestNG.initAndRun(RemoteTestNG.java:251)
at org.testng.remote.RemoteTestNG.main(RemoteTestNG.java:77)
]]>
    </error>
  </testcase> <!-- beforeMethod -->
  <system-out/>
  <testcase classname="PLLottery.BuyGames" name="emotki" time="0.000">
    <skipped/>
  </testcase> <!-- emotki -->
  <system-out/>
  <testcase classname="PLLottery.BuyGames" name="gp" time="0.000">
    <skipped/>
  </testcase> <!-- gp -->
  <system-out/>
  <testcase classname="PLLottery.BuyGames" name="Diamond" time="0.000">
    <skipped/>
  </testcase> <!-- Diamond -->
  <system-out/>
  <testcase classname="PLLottery.BuyGames" name="Totemki" time="0.000">
    <skipped/>
  </testcase> <!-- Totemki -->
  <system-out/>
  <testcase classname="PLLottery.BuyGames" name="Egypt" time="0.000">
    <skipped/>
  </testcase> <!-- Egypt -->
  <system-out/>
  <testcase classname="PLLottery.BuyGames" name="Owocki" time="0.000">
    <skipped/>
  </testcase> <!-- Owocki -->
  <system-out/>
  <testcase classname="PLLottery.BuyGames" name="Garniec" time="0.000">
    <skipped/>
  </testcase> <!-- Garniec -->
  <system-out/>
  <testcase classname="PLLottery.BuyGames" name="Skrzynki" time="0.000">
    <skipped/>
  </testcase> <!-- Skrzynki -->
  <system-out/>
  <testcase classname="PLLottery.BuyGames" name="goldRush" time="0.000">
    <skipped/>
  </testcase> <!-- goldRush -->
  <system-out/>
  <testcase classname="PLLottery.BuyGames" name="Antyki" time="0.000">
    <skipped/>
  </testcase> <!-- Antyki -->
  <system-out/>
  <testcase classname="PLLottery.BuyGames" name="Siódemki" time="0.000">
    <skipped/>
  </testcase> <!-- Siódemki -->
  <system-out/>
  <testcase classname="PLLottery.BuyGames" name="hotPepperPayout" time="0.000">
    <skipped/>
  </testcase> <!-- hotPepperPayout -->
  <system-out/>
  <testcase classname="PLLottery.BuyGames" name="monetki" time="0.000">
    <skipped/>
  </testcase> <!-- monetki -->
  <system-out/>
  <testcase classname="PLLottery.BuyGames" name="Cyferki" time="0.000">
    <skipped/>
  </testcase> <!-- Cyferki -->
  <system-out/>
  <testcase classname="PLLottery.BuyGames" name="Gwiazdki" time="0.000">
    <skipped/>
  </testcase> <!-- Gwiazdki -->
  <system-out/>
  <testcase classname="PLLottery.BuyGames" name="Kurki" time="0.000">
    <skipped/>
  </testcase> <!-- Kurki -->
  <system-out/>
  <testcase classname="PLLottery.BuyGames" name="gorki" time="0.000">
    <skipped/>
  </testcase> <!-- gorki -->
  <system-out/>
  <testcase classname="PLLottery.BuyGames" name="Duszki" time="0.000">
    <skipped/>
  </testcase> <!-- Duszki -->
  <system-out/>
  <testcase classname="PLLottery.BuyGames" name="krzyowki" time="0.000">
    <skipped/>
  </testcase> <!-- krzyowki -->
  <system-out/>
  <testcase classname="PLLottery.BuyGames" name="Card5" time="0.000">
    <skipped/>
  </testcase> <!-- Card5 -->
  <system-out/>
  <testcase classname="PLLottery.BuyGames" name="znaczki" time="0.000">
    <skipped/>
  </testcase> <!-- znaczki -->
  <system-out/>
</testsuite> <!-- PLLottery.BuyGames -->
